<?xml version="1.0" encoding="UTF-8"?>
<testsuite xmlns:xsi="http://www.w3.org/2001/XMLSchema-instance" xsi:noNamespaceSchemaLocation="https://maven.apache.org/surefire/maven-surefire-plugin/xsd/surefire-test-report-3.0.xsd" version="3.0" name="AppTest" time="0.275" tests="46" errors="0" skipped="0" failures="0">
  <properties>
[...]
</properties>
  <testcase name="testNaoPermitirSaqueAcimaSaldo" classname="AppTest" time="0.071"/>
  <testcase name="testIntegridadeDados" classname="AppTest" time="0.003"/>
  <testcase name="testCpfFormatadoCorreto" classname="AppTest" time="0.003"/>
  <testcase name="testValidarDadosSemTipoConta" classname="AppTest" time="0.003"/>
  <testcase name="testSacarComSaldoSuficiente" classname="AppTest" time="0.002"/>
  <testcase name="testOperacoesExtremas" classname="AppTest" time="0.002"/>
  <testcase name="testConverterMoedaValoresGrandes" classname="AppTest" time="0.002"/>
  <testcase name="testCriarContaPoupancaComBonus" classname="AppTest" time="0.002"/>
  <testcase name="testValidarDadosCompletoContaCorrente" classname="AppTest" time="0.002"/>
  <testcase name="testContaIniciaInativa" classname="AppTest" time="0.002"/>
  <testcase name="testvalidarCpfValidoComFormatacao" classname="AppTest" time="0.002"/>
  <testcase name="testMultiplosCpfsValidos" classname="AppTest" time="0.003"/>
  <testcase name="testConverterMoedaValoresExatos" classname="AppTest" time="0.001"/>
  <testcase name="testValidarDadosCompletoContaPoupanca" classname="AppTest" time="0.003"/>
  <testcase name="testConverterMoedaDuasCasasDecimais" classname="AppTest" time="0.001"/>
  <testcase name="testNaoFecharContaJaInativa" classname="AppTest" time="0.002"/>
  <testcase name="testConverterMoedaTruncamento" classname="AppTest" time="0.002"/>
  <testcase name="testValoresDecimaisPrecisos" classname="AppTest" time="0.001"/>
  <testcase name="testContaPermaneceInativaComValidacaoFalha" classname="AppTest" time="0.002"/>
  <testcase name="testFluxoCompletoIntegracao" classname="AppTest" time="0.002"/>
  <testcase name="testNaoFecharContaComSaldoPositivo" classname="AppTest" time="0.001"/>
  <testcase name="testFluxoCompletoComFechamento" classname="AppTest" time="0.003"/>
  <testcase name="testCriarContaCorrenteComBonus" classname="AppTest" time="0.002"/>
  <testcase name="testValidarDadosNomeVazio" classname="AppTest" time="0.002"/>
  <testcase name="testFluxoCompletoContaPoupanca" classname="AppTest" time="0.001"/>
  <testcase name="testConverterMoedaZeroENegativo" classname="AppTest" time="0.001"/>
  <testcase name="testFluxoRealistaComDecimais" classname="AppTest" time="0.002"/>
  <testcase name="testSaldoZero" classname="AppTest" time="0.002"/>
  <testcase name="testTiposContaAceitos" classname="AppTest" time="0.003"/>
  <testcase name="testContaFicaAtivaAposValidacao" classname="AppTest" time="0.002"/>
  <testcase name="testMultiplasOperacoesSequenciais" classname="AppTest" time="0.002"/>
  <testcase name="testvalidarCpfNulo" classname="AppTest" time="0.002"/>
  <testcase name="testvalidarCpfComCaracteresEspeciais" classname="AppTest" time="0.001"/>
  <testcase name="testvalidarCpfDigitoVerificadorIncorreto" classname="AppTest" time="0.0"/>
  <testcase name="testNomesComCaracteresEspeciais" classname="AppTest" time="0.002"/>
  <testcase name="testvalidarCpfTamanhoInvalido" classname="AppTest" time="0.004"/>
  <testcase name="testvalidarCpfValidoSemFormatacao" classname="AppTest" time="0.001"/>
  <testcase name="testFecharContaComSaldoZero" classname="AppTest" time="0.001"/>
  <testcase name="testConverterMoedaValoresPequenos" classname="AppTest" time="0.002"/>
  <testcase name="testGetValorAtualComConversao" classname="AppTest" time="0.001"/>
  <testcase name="testValidarDadosComCpfInvalido" classname="AppTest" time="0.001"/>
  <testcase name="testValidarDadosNomeNulo" classname="AppTest" time="0.001"/>
  <testcase name="testZerarSaldoEFecharConta" classname="AppTest" time="0.002"/>
  <testcase name="testDepositarValor" classname="AppTest" time="0.002"/>
  <testcase name="testValidarDadosNomeApenasEspacos" classname="AppTest" time="0.001"/>
  <testcase name="testvalidarCpfDigitosRepetidos" classname="AppTest" time="0.001"/>
</testsuite>